<?xml version="1.0" encoding="UTF-8"?>
<!-- Generated by org.testng.reporters.JUnitReportReporter -->
<testsuite hostname="QT-INBG-LT0186" failures="0" tests="1" name="otherpackage.Kudofromme" time="11.448" errors="0" timestamp="2021-03-26T14:35:03 IST" skipped="0">
  <testcase classname="otherpackage.Kudofromme" name="basepagenavigation1" time="11.448"/>
  <system-out/>
</testsuite> <!-- otherpackage.Kudofromme -->
