<?xml version="1.0" encoding="UTF-8"?>
<!-- Generated by org.testng.reporters.JUnitReportReporter -->
<testsuite hostname="QT-INBG-LT0186" failures="0" tests="1" name="loginPackage.qttitle" time="3.922" errors="0" timestamp="2021-03-26T14:35:03 IST" skipped="0">
  <testcase classname="loginPackage.qttitle" name="nav" time="3.922"/>
  <system-out/>
</testsuite> <!-- loginPackage.qttitle -->
