<?xml version="1.0" encoding="UTF-8"?>
<!-- Generated by org.testng.reporters.JUnitReportReporter -->
<testsuite hostname="QT-INBG-LT0186" failures="0" tests="1" name="TestPackage.login" time="17.140" errors="0" timestamp="2021-03-24T08:33:28 IST" skipped="0">
  <testcase classname="TestPackage.login" name="navigation" time="17.140"/>
  <system-out/>
</testsuite> <!-- TestPackage.login -->
