<?xml version="1.0" encoding="UTF-8"?>
<!-- Generated by org.testng.reporters.JUnitReportReporter -->
<testsuite hostname="QT-INBG-LT0186" failures="0" tests="1" name="searchkudo.Search42" time="15.143" errors="0" timestamp="2021-03-26T14:35:03 IST" skipped="0">
  <testcase classname="searchkudo.Search42" name="basepagenavigation" time="15.143"/>
  <system-out/>
</testsuite> <!-- searchkudo.Search42 -->
