<?xml version="1.0" encoding="UTF-8"?>
<!-- Generated by org.testng.reporters.JUnitReportReporter -->
<testsuite hostname="QT-INBG-LT0186" failures="0" tests="1" name="TestPackage.activitytestcase" time="19.848" errors="0" timestamp="2021-03-24T10:35:37 IST" skipped="0">
  <testcase classname="TestPackage.activitytestcase" name="basepagenavigation" time="19.848"/>
  <system-out/>
</testsuite> <!-- TestPackage.activitytestcase -->
