<?xml version="1.0" encoding="UTF-8"?>
<!-- Generated by org.testng.reporters.JUnitReportReporter -->
<testsuite hostname="QT-INBG-LT0186" failures="0" tests="1" name="searchkudo.Searchkudoinvalid" time="11.440" errors="0" timestamp="2021-03-26T14:35:03 IST" skipped="0">
  <testcase classname="searchkudo.Searchkudoinvalid" name="basepagenavigation" time="11.440"/>
  <system-out/>
</testsuite> <!-- searchkudo.Searchkudoinvalid -->
