<?xml version="1.0" encoding="UTF-8"?>
<!-- Generated by org.testng.reporters.JUnitReportReporter -->
<testsuite hostname="QT-INBG-LT0186" failures="0" tests="1" name="TestPackage.searchkudo15" time="8.474" errors="0" timestamp="2021-03-25T11:21:27 IST" skipped="0">
  <testcase classname="TestPackage.searchkudo15" name="basepagenavigation" time="8.474"/>
  <system-out/>
</testsuite> <!-- TestPackage.searchkudo15 -->
