<?xml version="1.0" encoding="UTF-8"?>
<!-- Generated by org.testng.reporters.JUnitReportReporter -->
<testsuite hostname="QT-INBG-LT0186" failures="0" tests="2" name="TestPackage.Log" time="21.607" errors="0" timestamp="2021-03-24T09:09:43 IST" skipped="0">
  <testcase classname="TestPackage.Log" name="basepagenavigation1" time="8.811"/>
  <system-out/>
  <testcase classname="TestPackage.Log" name="basepagenavigation1" time="12.796"/>
  <system-out/>
</testsuite> <!-- TestPackage.Log -->
