<?xml version="1.0" encoding="UTF-8"?>
<!-- Generated by org.testng.reporters.JUnitReportReporter -->
<testsuite hostname="QT-INBG-LT0186" failures="0" tests="1" name="TestPackage.search42" time="11.935" errors="0" timestamp="2021-03-25T12:31:47 IST" skipped="0">
  <testcase classname="TestPackage.search42" name="basepagenavigation" time="11.935"/>
  <system-out/>
</testsuite> <!-- TestPackage.search42 -->
