<?xml version="1.0" encoding="UTF-8"?>
<!-- Generated by org.testng.reporters.JUnitReportReporter -->
<testsuite hostname="QT-INBG-LT0186" failures="0" tests="1" name="TestPackage.Sendrecent35" time="16.078" errors="0" timestamp="2021-03-24T17:37:01 IST" skipped="0">
  <testcase classname="TestPackage.Sendrecent35" name="basePageNavigation" time="16.078"/>
  <system-out/>
</testsuite> <!-- TestPackage.Sendrecent35 -->
