<?xml version="1.0" encoding="UTF-8"?>
<!-- Generated by org.testng.reporters.JUnitReportReporter -->
<testsuite hostname="QT-INBG-LT0186" failures="0" tests="1" name="sendPackage.Sendkudo31" time="12.768" errors="0" timestamp="2021-03-26T14:35:03 IST" skipped="0">
  <testcase classname="sendPackage.Sendkudo31" name="basevavi11" time="12.768"/>
  <system-out/>
</testsuite> <!-- sendPackage.Sendkudo31 -->
