<?xml version="1.0" encoding="UTF-8"?>
<!-- Generated by org.testng.reporters.JUnitReportReporter -->
<testsuite hostname="QT-INBG-LT0186" failures="0" tests="1" name="sendPackage.Sendkudo32" time="13.609" errors="0" timestamp="2021-03-26T10:52:23 IST" skipped="0">
  <testcase classname="sendPackage.Sendkudo32" name="basevavi11" time="13.609"/>
  <system-out/>
</testsuite> <!-- sendPackage.Sendkudo32 -->
