<?xml version="1.0" encoding="UTF-8"?>
<!-- Generated by org.testng.reporters.JUnitReportReporter -->
<testsuite hostname="QT-INBG-LT0186" failures="0" tests="1" name="testPackage.Sendkudo32" time="10.832" errors="0" timestamp="2021-03-26T14:35:03 IST" skipped="0">
  <testcase classname="testPackage.Sendkudo32" name="basevavi11" time="10.832"/>
  <system-out/>
</testsuite> <!-- testPackage.Sendkudo32 -->
