<?xml version="1.0" encoding="UTF-8"?>
<!-- Generated by org.testng.reporters.JUnitReportReporter -->
<testsuite hostname="QT-INBG-LT0186" failures="0" tests="2" name="TestPackage.QTRTestcase" time="26.533" errors="0" timestamp="2021-03-23T17:38:31 IST" skipped="0">
  <testcase classname="TestPackage.QTRTestcase" name="basepagenavigation" time="13.877"/>
  <system-out/>
  <testcase classname="TestPackage.QTRTestcase" name="basepagenavigation" time="12.656"/>
  <system-out/>
</testsuite> <!-- TestPackage.QTRTestcase -->
