<?xml version="1.0" encoding="UTF-8"?>
<!-- Generated by org.testng.reporters.JUnitReportReporter -->
<testsuite hostname="QT-INBG-LT0186" failures="0" tests="1" name="TestPackage.Sendkudo" time="13.075" errors="0" timestamp="2021-03-24T11:57:28 IST" skipped="0">
  <testcase classname="TestPackage.Sendkudo" name="basevavi11" time="13.075"/>
  <system-out/>
</testsuite> <!-- TestPackage.Sendkudo -->
