<?xml version="1.0" encoding="UTF-8"?>
<!-- Generated by org.testng.reporters.JUnitReportReporter -->
<testsuite hostname="QT-INBG-LT0186" failures="0" tests="1" name="sendPackage.sendkudos1" time="14.110" errors="0" timestamp="2021-03-26T14:35:03 IST" skipped="0">
  <testcase classname="sendPackage.sendkudos1" name="basepagenavigation" time="14.110"/>
  <system-out/>
</testsuite> <!-- sendPackage.sendkudos1 -->
