<?xml version="1.0" encoding="UTF-8"?>
<!-- Generated by org.testng.reporters.JUnitReportReporter -->
<testsuite hostname="QT-INBG-LT0186" failures="0" tests="1" name="integration.Integrate1" time="10.910" errors="0" timestamp="2021-03-26T14:35:03 IST" skipped="0">
  <testcase classname="integration.Integrate1" name="basevavi11" time="10.910"/>
  <system-out/>
</testsuite> <!-- integration.Integrate1 -->
