<?xml version="1.0" encoding="UTF-8"?>
<!-- Generated by org.testng.reporters.JUnitReportReporter -->
<testsuite hostname="QT-INBG-LT0186" failures="0" tests="2" name="TestPackage.kudocount" time="22.904" errors="0" timestamp="2021-03-25T10:24:08 IST" skipped="0">
  <testcase classname="TestPackage.kudocount" name="basepagenavigation" time="10.182"/>
  <system-out/>
  <testcase classname="TestPackage.kudocount" name="testcase" time="12.722"/>
  <system-out/>
</testsuite> <!-- TestPackage.kudocount -->
