<?xml version="1.0" encoding="UTF-8"?>
<!-- Generated by org.testng.reporters.JUnitReportReporter -->
<testsuite hostname="QT-INBG-LT0186" failures="0" tests="2" name="loginPackage.Log" time="30.381" errors="0" timestamp="2021-03-30T15:31:52 IST" skipped="0">
  <testcase classname="loginPackage.Log" name="basepagenavigation1" time="15.792"/>
  <system-out/>
  <testcase classname="loginPackage.Log" name="basepagenavigation1" time="14.589"/>
  <system-out/>
</testsuite> <!-- loginPackage.Log -->
