<?xml version="1.0" encoding="UTF-8"?>
<!-- Generated by org.testng.reporters.JUnitReportReporter -->
<testsuite hostname="QT-INBG-LT0186" failures="0" tests="1" name="sendPackage.activitytestcase" time="20.519" errors="0" timestamp="2021-03-26T14:35:03 IST" skipped="0">
  <testcase classname="sendPackage.activitytestcase" name="basepagenavigation" time="20.519"/>
  <system-out/>
</testsuite> <!-- sendPackage.activitytestcase -->
