<?xml version="1.0" encoding="UTF-8"?>
<!-- Generated by org.testng.reporters.JUnitReportReporter -->
<testsuite hostname="QT-INBG-LT0186" failures="0" tests="1" name="TestPackage.sendkudos1" time="11.215" errors="0" timestamp="2021-03-24T10:11:21 IST" skipped="0">
  <testcase classname="TestPackage.sendkudos1" name="basepagenavigation" time="11.215"/>
  <system-out/>
</testsuite> <!-- TestPackage.sendkudos1 -->
