<?xml version="1.0" encoding="UTF-8"?>
<!-- Generated by org.testng.reporters.JUnitReportReporter -->
<testsuite hostname="QT-INBG-LT0186" failures="0" tests="2" name="testPackage.Citation" time="39.178" errors="0" timestamp="2021-03-26T14:35:03 IST" skipped="0">
  <testcase classname="testPackage.Citation" name="basenavi" time="19.439"/>
  <system-out/>
  <testcase classname="testPackage.Citation" name="basenavi" time="19.739"/>
  <system-out/>
</testsuite> <!-- testPackage.Citation -->
