<?xml version="1.0" encoding="UTF-8"?>
<!-- Generated by org.testng.reporters.JUnitReportReporter -->
<testsuite hostname="QT-INBG-LT0186" failures="0" tests="1" name="sendPackage.Sendrecent35" time="14.875" errors="0" timestamp="2021-03-26T14:35:03 IST" skipped="0">
  <testcase classname="sendPackage.Sendrecent35" name="basePageNavigation" time="14.875"/>
  <system-out/>
</testsuite> <!-- sendPackage.Sendrecent35 -->
