<?xml version="1.0" encoding="UTF-8"?>
<!-- Generated by org.testng.reporters.JUnitReportReporter -->
<testsuite hostname="QT-INBG-LT0186" failures="0" tests="1" name="cucumberOptions.TestRunner" time="34.748" errors="0" timestamp="2021-03-30T17:11:15 IST" skipped="0">
  <testcase classname="cucumberOptions.TestRunner" name="feature" time="34.748"/>
  <system-out/>
</testsuite> <!-- cucumberOptions.TestRunner -->
